<?xml version="1.0" encoding="UTF-8"?>
<testng-results skipped="0" failed="0" ignored="0" total="1" passed="1">
  <reporter-output>
  </reporter-output>
  <suite name="Default suite" duration-ms="47378" started-at="2019-03-06T05:02:54Z" finished-at="2019-03-06T05:03:42Z">
    <groups>
    </groups>
    <test name="Default test" duration-ms="47378" started-at="2019-03-06T05:02:54Z" finished-at="2019-03-06T05:03:42Z">
      <class name="com.training.regression.tests.LoginDBTest">
        <test-method status="PASS" signature="setUpBeforeClass()[pri:0, instance:com.training.regression.tests.LoginDBTest@39aeed2f]" name="setUpBeforeClass" is-config="true" duration-ms="14" started-at="2019-03-06T10:32:54Z" finished-at="2019-03-06T10:32:54Z">
          <reporter-output>
          </reporter-output>
        </test-method> <!-- setUpBeforeClass -->
        <test-method status="PASS" signature="setUp()[pri:0, instance:com.training.regression.tests.LoginDBTest@39aeed2f]" name="setUp" is-config="true" duration-ms="40367" started-at="2019-03-06T10:32:55Z" finished-at="2019-03-06T10:33:35Z">
          <reporter-output>
          </reporter-output>
        </test-method> <!-- setUp -->
        <test-method status="PASS" signature="loginDBTest(java.lang.String, java.lang.String)[pri:0, instance:com.training.regression.tests.LoginDBTest@39aeed2f]" name="loginDBTest" duration-ms="4870" started-at="2019-03-06T10:33:35Z" data-provider="db-inputs" finished-at="2019-03-06T10:33:40Z">
          <params>
            <param index="0">
              <value>
                <![CDATA[admin]]>
              </value>
            </param>
            <param index="1">
              <value>
                <![CDATA[admin@123]]>
              </value>
            </param>
          </params>
          <reporter-output>
          </reporter-output>
        </test-method> <!-- loginDBTest -->
        <test-method status="PASS" signature="tearDown()[pri:0, instance:com.training.regression.tests.LoginDBTest@39aeed2f]" name="tearDown" is-config="true" duration-ms="1731" started-at="2019-03-06T10:33:40Z" finished-at="2019-03-06T10:33:42Z">
          <reporter-output>
          </reporter-output>
        </test-method> <!-- tearDown -->
      </class> <!-- com.training.regression.tests.LoginDBTest -->
    </test> <!-- Default test -->
  </suite> <!-- Default suite -->
</testng-results>
